2021-05-28T02:35:38.554Z [my-bank-api] info: Api started!
2021-05-28T02:35:52.551Z [my-bank-api] info: GET /account
2021-05-28T02:36:25.759Z [my-bank-api] info: GET /account/:id
2021-05-28T02:36:44.709Z [my-bank-api] info: DELETE /account/:id - 1
2021-05-28T02:37:04.535Z [my-bank-api] info: POST /account - {"id":11,"name":"Guilherme","balance":200}
2021-05-28T02:37:15.445Z [my-bank-api] info: PUT /account - {"id":4,"name":"Jose Chaves","balance":200}
2021-05-28T23:35:22.213Z [my-bank-api] info: Api started!
2021-05-28T23:35:53.880Z [my-bank-api] info: Api started!
2021-05-28T23:36:36.621Z [my-bank-api] error: POST /account Name e Balance são obrigatórios
2021-05-28T23:36:45.113Z [my-bank-api] info: POST /account - {"id":12,"name":"Guilherme","balance":200}
2021-05-28T23:37:36.795Z [my-bank-api] info: Api started!
2021-05-28T23:39:02.974Z [my-bank-api] info: Api started!
2021-05-28T23:40:34.843Z [my-bank-api] info: Api started!
2021-05-28T23:41:05.769Z [my-bank-api] info: Api started!
2021-05-28T23:41:10.731Z [my-bank-api] info: Api started!
2021-05-28T23:41:14.624Z [my-bank-api] info: Api started!
2021-05-28T23:41:16.547Z [my-bank-api] info: Api started!
2021-05-28T23:41:19.177Z [my-bank-api] info: Api started!
2021-05-28T23:41:30.219Z [my-bank-api] info: Api started!
2021-05-28T23:42:05.206Z [my-bank-api] info: POST /account - {"id":13,"name":"Guilherme","balance":200}
2021-05-28T23:42:14.642Z [my-bank-api] info: Api started!
2021-05-28T23:44:37.092Z [my-bank-api] info: Api started!
2021-05-28T23:44:40.572Z [my-bank-api] info: Api started!
2021-05-28T23:45:11.803Z [my-bank-api] info: Api started!
2021-05-28T23:45:15.851Z [my-bank-api] info: Api started!
2021-05-28T23:45:20.277Z [my-bank-api] info: Api started!
2021-05-28T23:45:23.589Z [my-bank-api] info: Api started!
2021-05-28T23:45:36.657Z [my-bank-api] info: Api started!
2021-05-28T23:46:00.070Z [my-bank-api] info: Api started!
2021-05-28T23:46:13.320Z [my-bank-api] info: Api started!
2021-05-28T23:46:16.388Z [my-bank-api] info: Api started!
2021-05-28T23:46:23.516Z [my-bank-api] info: Api started!
2021-05-28T23:46:27.151Z [my-bank-api] info: Api started!
2021-05-28T23:47:19.528Z [my-bank-api] info: Api started!
2021-05-28T23:47:29.132Z [my-bank-api] error: PUT /account Registro não encontrado.
2021-05-28T23:48:25.901Z [my-bank-api] info: Api started!
2021-05-28T23:48:50.743Z [my-bank-api] error: PUT /account Name e Balance são obrigatórios
2021-05-28T23:49:51.332Z [my-bank-api] info: Api started!
2021-05-28T23:49:54.720Z [my-bank-api] info: Api started!
2021-05-28T23:50:29.540Z [my-bank-api] info: PUT /account - {"id":4,"name":"Jose alves","balance":200}
2021-05-28T23:50:45.261Z [my-bank-api] error: PUT /account Name e Balance são obrigatórios
2021-05-28T23:51:37.850Z [my-bank-api] info: Api started!
2021-05-28T23:51:52.643Z [my-bank-api] error: PATCH /account Name e Balance são obrigatórios
2021-05-28T23:52:39.315Z [my-bank-api] info: Api started!
2021-05-28T23:52:45.706Z [my-bank-api] error: PATCH /account account is not defined
2021-05-28T23:53:24.749Z [my-bank-api] error: PATCH /account account is not defined
2021-05-28T23:53:39.527Z [my-bank-api] error: PATCH /account account is not defined
2021-05-28T23:53:58.826Z [my-bank-api] info: Api started!
2021-05-28T23:54:02.190Z [my-bank-api] error: PATCH /account account is not defined
2021-05-28T23:54:41.660Z [my-bank-api] info: Api started!
2021-05-28T23:55:23.977Z [my-bank-api] error: PATCH /account account is not defined
2021-05-28T23:56:28.464Z [my-bank-api] error: PATCH /account account is not defined
2021-05-28T23:57:25.666Z [my-bank-api] info: Api started!
2021-05-28T23:57:28.629Z [my-bank-api] error: PATCH /account account is not defined
2021-05-28T23:57:47.665Z [my-bank-api] info: Api started!
2021-05-28T23:57:49.925Z [my-bank-api] error: PATCH /account account is not defined
2021-05-28T23:58:18.903Z [my-bank-api] error: PATCH /account account is not defined
2021-05-28T23:59:08.388Z [my-bank-api] info: Api started!
2021-05-28T23:59:10.832Z [my-bank-api] error: PATCH /account account is not defined
2021-05-28T23:59:53.864Z [my-bank-api] error: PATCH /account account is not defined
2021-05-29T00:01:14.117Z [my-bank-api] info: Api started!
2021-05-29T00:01:17.156Z [my-bank-api] error: PATCH /account Registro não encontrado.
2021-05-29T00:01:22.216Z [my-bank-api] error: PATCH /account Registro não encontrado.
2021-05-29T00:01:30.467Z [my-bank-api] info: GET /account
2021-05-29T00:01:41.388Z [my-bank-api] info: PATCH /account - {"id":5,"balance":300}
2021-05-29T00:02:15.595Z [my-bank-api] info: Api started!
2021-05-29T00:03:02.293Z [my-bank-api] info: Api started!
2021-05-29T00:03:18.130Z [my-bank-api] info: Api started!
2021-05-29T00:03:29.722Z [my-bank-api] info: Api started!
2021-05-29T00:03:52.320Z [my-bank-api] info: Api started!
2021-05-29T00:04:44.807Z [my-bank-api] info: Api started!
2021-05-29T00:04:46.710Z [my-bank-api] info: Api started!
2021-05-29T00:05:02.484Z [my-bank-api] info: Api started!
2021-05-30T19:48:03.886Z [my-bank-api] info: Api started!
2021-05-30T19:54:45.811Z [my-bank-api] info: Api started!
2021-05-30T19:54:49.781Z [my-bank-api] info: Api started!
2021-05-30T19:54:51.977Z [my-bank-api] info: Api started!
2021-05-30T19:54:55.739Z [my-bank-api] info: Api started!
2021-05-30T20:01:29.822Z [my-bank-api] info: Api started!
2021-05-30T20:01:59.465Z [my-bank-api] info: Api started!
2021-05-30T20:03:04.298Z [my-bank-api] info: GET /account
2021-05-30T20:10:04.740Z [my-bank-api] info: Api started!
2021-05-30T20:10:23.888Z [my-bank-api] info: Api started!
2021-05-30T20:10:54.002Z [my-bank-api] info: Api started!
2021-05-30T20:12:54.488Z [my-bank-api] info: Api started!
2021-05-30T20:13:24.860Z [my-bank-api] info: Api started!
2021-05-30T20:13:59.415Z [my-bank-api] info: Api started!
2021-05-30T20:14:32.468Z [my-bank-api] info: Api started!
2021-05-30T20:14:48.359Z [my-bank-api] info: Api started!
2021-05-30T21:36:10.568Z [my-bank-api] info: Api started!
2021-05-30T21:37:18.804Z [my-bank-api] info: Api started!
2021-05-30T21:38:28.179Z [my-bank-api] info: Api started!
2021-05-30T21:38:30.924Z [my-bank-api] info: Api started!
2021-05-30T21:39:32.011Z [my-bank-api] info: Api started!
2021-05-30T21:39:57.407Z [my-bank-api] info: Api started!
2021-05-30T21:40:03.750Z [my-bank-api] info: Api started!
2021-05-30T21:42:31.563Z [my-bank-api] info: Api started!
2021-05-30T21:43:52.689Z [my-bank-api] info: Api started!
2021-05-30T21:44:49.330Z [my-bank-api] info: Api started!
2021-05-30T21:45:12.855Z [my-bank-api] info: Api started!
2021-05-30T21:45:49.559Z [my-bank-api] info: Api started!
2021-05-30T21:46:13.795Z [my-bank-api] info: GET /account
2021-05-30T21:46:21.354Z [my-bank-api] info: POST /account - {"id":14,"name":"Guilherme","balance":200}
2021-05-30T21:47:29.695Z [my-bank-api] info: Api started!
2021-05-30T21:47:38.567Z [my-bank-api] info: Api started!
2021-05-30T21:47:44.384Z [my-bank-api] info: Api started!
2021-05-30T21:47:49.047Z [my-bank-api] info: Api started!
2021-05-30T21:48:10.329Z [my-bank-api] info: Api started!
2021-05-30T21:48:27.389Z [my-bank-api] info: Api started!
2021-05-30T21:48:55.201Z [my-bank-api] info: Api started!
2021-05-30T21:49:31.289Z [my-bank-api] info: Api started!
2021-05-30T21:49:42.725Z [my-bank-api] info: Api started!
2021-05-30T21:50:02.286Z [my-bank-api] info: Api started!
2021-05-30T21:50:39.697Z [my-bank-api] info: Api started!
2021-05-30T21:51:05.319Z [my-bank-api] info: Api started!
2021-05-30T21:51:15.793Z [my-bank-api] info: Api started!
2021-05-30T21:51:57.747Z [my-bank-api] info: Api started!
2021-05-30T21:52:25.922Z [my-bank-api] info: Api started!
2021-05-30T21:52:35.620Z [my-bank-api] info: Api started!
2021-05-30T21:52:41.848Z [my-bank-api] info: Api started!
2021-05-30T21:53:16.680Z [my-bank-api] info: Api started!
2021-05-30T21:53:35.283Z [my-bank-api] info: Api started!
2021-05-30T21:54:24.307Z [my-bank-api] info: Api started!
2021-05-30T21:55:00.716Z [my-bank-api] info: Api started!
2021-05-30T21:56:21.080Z [my-bank-api] info: Api started!
2021-05-30T21:56:58.080Z [my-bank-api] info: GET /account/:id
2021-05-30T21:57:06.588Z [my-bank-api] info: DELETE /account/:id - 2
2021-05-30T21:57:11.924Z [my-bank-api] info: GET /account/:id
2021-05-30T21:57:15.954Z [my-bank-api] info: GET /account
2021-05-30T21:57:22.684Z [my-bank-api] info: POST /account - {"id":15,"name":"Guilherme","balance":200}
2021-05-30T21:57:29.044Z [my-bank-api] error: PUT /account Registro não encontrado.
2021-05-30T21:57:38.060Z [my-bank-api] info: PUT /account - {"id":5,"name":"Jose alves","balance":200}
2021-05-30T21:57:44.072Z [my-bank-api] error: PATCH /account Registro não encontrado.
2021-05-30T21:57:50.985Z [my-bank-api] info: GET /account
2021-05-30T21:57:59.493Z [my-bank-api] info: PATCH /account - {"id":3,"balance":300}
2021-05-30T22:00:50.331Z [my-bank-api] info: Api started!
2021-05-30T22:02:16.184Z [my-bank-api] info: Api started!
2021-05-30T22:02:17.854Z [my-bank-api] info: Api started!
2021-05-30T22:02:39.190Z [my-bank-api] info: Api started!
2021-05-30T22:02:44.142Z [my-bank-api] info: Api started!
2021-05-30T22:02:47.056Z [my-bank-api] info: Api started!
2021-05-30T22:03:01.709Z [my-bank-api] info: Api started!
2021-05-30T22:03:17.388Z [my-bank-api] info: Api started!
2021-05-30T22:03:19.508Z [my-bank-api] info: Api started!
2021-05-30T22:03:23.919Z [my-bank-api] info: Api started!
2021-05-30T22:03:33.752Z [my-bank-api] info: Api started!
2021-05-30T22:11:27.155Z [my-bank-api] info: Api started!
2021-05-30T22:11:31.340Z [my-bank-api] info: POST /account - {"id":16,"name":"Guilherme","balance":200}
2021-05-31T02:50:45.571Z [my-bank-api] info: Api started!
2021-05-31T02:51:04.263Z [my-bank-api] info: Api started!
2021-05-31T02:51:16.419Z [my-bank-api] info: Api started!
2021-05-31T02:51:39.242Z [my-bank-api] info: Api started!
2021-05-31T02:51:42.485Z [my-bank-api] info: Api started!
2021-05-31T02:51:53.906Z [my-bank-api] info: Api started!
2021-05-31T02:52:04.679Z [my-bank-api] info: Api started!
2021-05-31T02:52:35.789Z [my-bank-api] info: Api started!
2021-05-31T02:52:41.527Z [my-bank-api] info: Api started!
2021-05-31T02:52:44.273Z [my-bank-api] info: Api started!
2021-05-31T02:52:50.247Z [my-bank-api] info: Api started!
2021-05-31T02:52:58.246Z [my-bank-api] info: Api started!
2021-05-31T02:53:14.178Z [my-bank-api] info: Api started!
2021-05-31T02:53:50.325Z [my-bank-api] info: Api started!
2021-05-31T02:54:05.650Z [my-bank-api] info: Api started!
2021-05-31T02:54:07.630Z [my-bank-api] info: Api started!
2021-05-31T02:54:17.019Z [my-bank-api] info: Api started!
2021-05-31T02:56:00.332Z [my-bank-api] info: Api started!
2021-05-31T02:56:15.547Z [my-bank-api] info: Api started!
2021-05-31T02:56:39.400Z [my-bank-api] info: Api started!
2021-05-31T02:56:43.673Z [my-bank-api] info: Api started!
2021-05-31T02:56:49.623Z [my-bank-api] info: Api started!
2021-05-31T02:56:57.675Z [my-bank-api] info: Api started!
2021-05-31T02:57:20.121Z [my-bank-api] info: Api started!
2021-05-31T02:57:57.733Z [my-bank-api] info: Api started!
2021-05-31T02:58:26.682Z [my-bank-api] info: Api started!
2021-05-31T02:58:49.693Z [my-bank-api] info: Api started!
2021-05-31T02:58:56.988Z [my-bank-api] info: Api started!
2021-05-31T02:59:43.254Z [my-bank-api] info: Api started!
2021-05-31T02:59:49.453Z [my-bank-api] info: Api started!
2021-05-31T02:59:58.947Z [my-bank-api] info: Api started!
2021-05-31T03:01:23.496Z [my-bank-api] info: Api started!
2021-05-31T03:01:29.671Z [my-bank-api] info: Api started!
2021-05-31T03:01:40.363Z [my-bank-api] info: Api started!
2021-05-31T03:01:46.326Z [my-bank-api] info: Api started!
2021-05-31T03:01:52.364Z [my-bank-api] info: Api started!
2021-05-31T03:02:02.919Z [my-bank-api] info: Api started!
2021-05-31T03:02:16.268Z [my-bank-api] info: Api started!
2021-05-31T03:03:00.590Z [my-bank-api] info: Api started!
2021-05-31T03:03:21.235Z [my-bank-api] info: Api started!
2021-05-31T03:03:28.767Z [my-bank-api] info: Api started!
2021-05-31T03:04:07.647Z [my-bank-api] info: Api started!
2021-05-31T03:04:47.995Z [my-bank-api] info: Api started!
2021-05-31T03:05:06.202Z [my-bank-api] info: Api started!
2021-05-31T03:05:38.777Z [my-bank-api] info: Api started!
2021-05-31T03:05:41.795Z [my-bank-api] info: Api started!
2021-05-31T03:05:50.636Z [my-bank-api] info: Api started!
2021-05-31T03:06:03.942Z [my-bank-api] info: Api started!
2021-05-31T03:06:09.452Z [my-bank-api] info: Api started!
2021-05-31T03:06:34.452Z [my-bank-api] info: Api started!
2021-05-31T03:06:36.722Z [my-bank-api] info: Api started!
2021-05-31T03:06:54.513Z [my-bank-api] info: Api started!
2021-05-31T03:07:08.736Z [my-bank-api] info: Api started!
2021-05-31T03:07:15.072Z [my-bank-api] info: GET /account/:id
2021-05-31T03:07:27.223Z [my-bank-api] info: GET /account/:id
2021-05-31T03:07:31.756Z [my-bank-api] info: DELETE /account/:id - 2
2021-05-31T03:07:35.360Z [my-bank-api] info: GET /account/:id
2021-05-31T03:09:09.298Z [my-bank-api] info: Api started!
2021-05-31T03:09:12.400Z [my-bank-api] info: GET /account/:id
2021-05-31T03:09:16.898Z [my-bank-api] info: GET /account
2021-05-31T03:09:24.779Z [my-bank-api] info: GET /account/:id
2021-05-31T03:09:32.794Z [my-bank-api] info: DELETE /account/:id - 3
2021-05-31T03:09:36.898Z [my-bank-api] info: GET /account
2021-05-31T03:09:42.511Z [my-bank-api] info: POST /account - {"id":17,"name":"Guilherme","balance":200}
2021-05-31T03:09:51.648Z [my-bank-api] error: PUT /account Registro não encontrado.
2021-05-31T03:10:01.853Z [my-bank-api] info: PUT /account - {"id":6,"name":"Jose alves","balance":20}
2021-05-31T03:10:07.502Z [my-bank-api] error: PUT /account Registro não encontrado.
2021-05-31T03:10:13.010Z [my-bank-api] info: POST /account - {"id":18,"name":"Guilherme","balance":200}
2021-05-31T03:10:16.447Z [my-bank-api] info: GET /account
2021-05-31T03:10:44.560Z [my-bank-api] error: PUT /account Registro não encontrado.
2021-05-31T03:10:50.119Z [my-bank-api] info: PUT /account - {"id":8,"name":"Jose alves","balance":20}
2021-05-31T03:10:55.582Z [my-bank-api] info: GET /account
2021-05-31T03:12:11.687Z [my-bank-api] info: Api started!
2021-05-31T03:12:15.797Z [my-bank-api] error: PUT /account Registro não encontrado.
2021-05-31T03:12:29.011Z [my-bank-api] error: PUT /account Cannot read property 'account' of undefined
2021-05-31T03:13:16.868Z [my-bank-api] info: Api started!
2021-05-31T03:13:26.983Z [my-bank-api] info: Api started!
2021-05-31T03:14:40.658Z [my-bank-api] info: Api started!
2021-05-31T03:14:46.351Z [my-bank-api] error: PUT /account Registro não encontrado.
2021-05-31T03:14:51.268Z [my-bank-api] info: GET /account
2021-05-31T03:15:05.866Z [my-bank-api] info: GET /account
2021-05-31T03:15:11.264Z [my-bank-api] info: GET /account/:id
2021-05-31T03:15:17.193Z [my-bank-api] info: GET /account/:id
2021-05-31T03:15:23.441Z [my-bank-api] info: DELETE /account/:id - 10
2021-05-31T03:15:27.178Z [my-bank-api] info: GET /account/:id
2021-05-31T03:15:32.018Z [my-bank-api] info: GET /account
2021-05-31T03:15:39.988Z [my-bank-api] info: POST /account - {"id":19,"name":"Guilherme","balance":200}
2021-05-31T03:15:50.480Z [my-bank-api] error: PUT /account Registro não encontrado.
2021-05-31T03:15:56.596Z [my-bank-api] info: GET /account
2021-05-31T03:16:08.594Z [my-bank-api] error: PUT /account Invalid status code: 20
2021-05-31T03:21:53.005Z [my-bank-api] info: Api started!
2021-05-31T03:22:07.675Z [my-bank-api] info: GET /account
2021-05-31T03:22:15.369Z [my-bank-api] error: PUT /account Invalid status code: 20
2021-05-31T03:22:19.533Z [my-bank-api] info: GET /account
2021-05-31T03:23:56.769Z [my-bank-api] info: Api started!
2021-05-31T03:24:27.475Z [my-bank-api] info: Api started!
2021-05-31T03:28:18.360Z [my-bank-api] info: Api started!
2021-05-31T03:28:26.701Z [my-bank-api] info: GET /account
2021-05-31T03:28:51.130Z [my-bank-api] info: GET /account
2021-05-31T03:28:55.565Z [my-bank-api] info: GET /account/:id
2021-05-31T03:28:59.098Z [my-bank-api] info: GET /account
2021-05-31T03:29:04.975Z [my-bank-api] info: GET /account/:id
2021-05-31T03:29:10.466Z [my-bank-api] info: DELETE /account/:id - 13
2021-05-31T03:29:14.674Z [my-bank-api] info: GET /account
2021-05-31T03:29:19.216Z [my-bank-api] error: POST /account AccountService is not defined
2021-05-31T03:30:03.179Z [my-bank-api] info: Api started!
2021-05-31T03:30:05.887Z [my-bank-api] info: POST /account - {"id":20,"name":"Guilherme","balance":200}
2021-05-31T03:30:11.529Z [my-bank-api] info: GET /account
2021-05-31T03:30:23.916Z [my-bank-api] error: PUT /account Invalid status code: 20
2021-05-31T03:30:35.647Z [my-bank-api] info: GET /account
2021-05-31T03:31:05.816Z [my-bank-api] info: PATCH /account - {"id":14,"balance":301}
2021-05-31T03:31:11.206Z [my-bank-api] info: GET /account
2021-05-31T03:34:24.331Z [my-bank-api] info: Api started!
2021-05-31T03:35:51.280Z [my-bank-api] info: Api started!
2021-05-31T03:37:41.565Z [my-bank-api] info: Api started!
2021-05-31T03:38:13.288Z [my-bank-api] info: Api started!
2021-05-31T03:38:50.679Z [my-bank-api] info: Api started!
2021-05-31T03:38:57.286Z [my-bank-api] error: PUT /account Registro não encontrado.
2021-05-31T03:39:54.537Z [my-bank-api] info: Api started!
2021-05-31T03:40:10.362Z [my-bank-api] info: GET /account
2021-05-31T03:40:15.498Z [my-bank-api] error: PUT /account Registro não encontrado.
2021-05-31T03:40:19.995Z [my-bank-api] info: GET /account
2021-05-31T03:40:29.858Z [my-bank-api] info: PUT /account - {"id":14,"name":"Jose alves","balance":20}
2021-05-31T03:40:37.012Z [my-bank-api] info: GET /account
